// 重构日志: 4e914123
// 重构日志: 834293a9
// 同步 ID: 9d01be19 @ Sat Jun 27 06:37:57 UTC 2026
// 同步 ID: 61130f83 @ Sat Jun 27 11:36:23 UTC 2026
// 同步 ID: 2d75b150 @ Sat Jun 27 15:49:40 UTC 2026
// 重构日志: 024de4f0
// 同步 ID: df0d79fb @ Sun Jun 28 07:05:59 UTC 2026
// 重构日志: e5909a58
// 重构日志: 6f061ba4
// 重构日志: 4beb5ab4
// 同步 ID: 81734a14 @ Mon Jun 29 18:22:13 UTC 2026
// 重构日志: 5b11f2b7
// 重构日志: c726bbd7
// 同步 ID: c8b29716 @ Tue Jun 30 17:25:54 UTC 2026
// 重构日志: 3bbeede7
// 同步 ID: d3615100 @ Thu Jul  2 15:45:10 UTC 2026
// 重构日志: 6cfed092
// 同步 ID: a039868e @ Fri Jul  3 15:18:26 UTC 2026
// 重构日志: eed117b9
// 重构日志: 8a955e8c
// 重构日志: 1534f7a5
// 重构日志: 86f87e4c
// 重构日志: 90392557
// 重构日志: 68967d52
// 重构日志: 4d76c1aa
// 重构日志: eb11fa14
// 重构日志: 377c94d3
// 同步 ID: 3c7fb938 @ Thu Jul  9 10:53:43 UTC 2026
// 同步 ID: 555b168d @ Thu Jul  9 13:42:28 UTC 2026
// 同步 ID: d00a7b4a @ Thu Jul  9 17:03:17 UTC 2026
// 重构日志: bdc294b8
